# JRE version: OpenJDK Runtime Environment (8.0_152-b01) (build 1.8.0_152-release-1024-b01)
# Java VM: OpenJDK 64-Bit Server VM (25.152-b01 mixed mode bsd-amd64 compressed oops)
Heap:
 PSYoungGen      total 215552K, used 7285K [0x00000007a0000000, 0x00000007b1180000, 0x00000007c0000000)
  eden space 195072K, 3% used [0x00000007a0000000,0x00000007a071d740,0x00000007abe80000)
  from space 20480K, 0% used [0x00000007add00000,0x00000007add00000,0x00000007af100000)
  to   space 31232K, 0% used [0x00000007abe80000,0x00000007abe80000,0x00000007add00000)
 ParOldGen       total 278016K, used 51958K [0x0000000760000000, 0x0000000770f80000, 0x00000007a0000000)
  object space 278016K, 18% used [0x0000000760000000,0x00000007632bd950,0x0000000770f80000)
 Metaspace       used 57348K, capacity 59188K, committed 59480K, reserved 1099776K
  class space    used 7852K, capacity 8267K, committed 8320K, reserved 1048576K
GC Heap History (10 events):
Event: 4.125 GC heap before
{Heap before GC invocations=7 (full 2):
 PSYoungGen      total 138240K, used 10746K [0x00000007a0000000, 0x00000007aaa80000, 0x00000007c0000000)
  eden space 127488K, 0% used [0x00000007a0000000,0x00000007a0000000,0x00000007a7c80000)
  from space 10752K, 99% used [0x00000007a7c80000,0x00000007a86fe968,0x00000007a8700000)
  to   space 13824K, 0% used [0x00000007a9d00000,0x00000007a9d00000,0x00000007aaa80000)
 ParOldGen       total 108544K, used 10586K [0x0000000760000000, 0x0000000766a00000, 0x00000007a0000000)
  object space 108544K, 9% used [0x0000000760000000,0x0000000760a56800,0x0000000766a00000)
 Metaspace       used 34642K, capacity 35264K, committed 35416K, reserved 1079296K
  class space    used 4771K, capacity 4970K, committed 4992K, reserved 1048576K
Event: 4.167 GC heap after
Heap after GC invocations=7 (full 2):
 PSYoungGen      total 138240K, used 0K [0x00000007a0000000, 0x00000007aaa80000, 0x00000007c0000000)
  eden space 127488K, 0% used [0x00000007a0000000,0x00000007a0000000,0x00000007a7c80000)
  from space 10752K, 0% used [0x00000007a7c80000,0x00000007a7c80000,0x00000007a8700000)
  to   space 13824K, 0% used [0x00000007a9d00000,0x00000007a9d00000,0x00000007aaa80000)
 ParOldGen       total 178176K, used 19213K [0x0000000760000000, 0x000000076ae00000, 0x00000007a0000000)
  object space 178176K, 10% used [0x0000000760000000,0x00000007612c3708,0x000000076ae00000)
 Metaspace       used 34642K, capacity 35264K, committed 35416K, reserved 1079296K
  class space    used 4771K, capacity 4970K, committed 4992K, reserved 1048576K
}
Event: 5.347 GC heap before
{Heap before GC invocations=8 (full 2):
 PSYoungGen      total 138240K, used 127488K [0x00000007a0000000, 0x00000007aaa80000, 0x00000007c0000000)
  eden space 127488K, 100% used [0x00000007a0000000,0x00000007a7c80000,0x00000007a7c80000)
  from space 10752K, 0% used [0x00000007a7c80000,0x00000007a7c80000,0x00000007a8700000)
  to   space 13824K, 0% used [0x00000007a9d00000,0x00000007a9d00000,0x00000007aaa80000)
 ParOldGen       total 178176K, used 19213K [0x0000000760000000, 0x000000076ae00000, 0x00000007a0000000)
  object space 178176K, 10% used [0x0000000760000000,0x00000007612c3708,0x000000076ae00000)
 Metaspace       used 42675K, capacity 43566K, committed 43864K, reserved 1087488K
  class space    used 5907K, capacity 6172K, committed 6272K, reserved 1048576K
Event: 5.364 GC heap after
Heap after GC invocations=8 (full 2):
 PSYoungGen      total 159232K, used 13819K [0x00000007a0000000, 0x00000007ad000000, 0x00000007c0000000)
  eden space 145408K, 0% used [0x00000007a0000000,0x00000007a0000000,0x00000007a8e00000)
  from space 13824K, 99% used [0x00000007a9d00000,0x00000007aaa7ef10,0x00000007aaa80000)
  to   space 15360K, 0% used [0x00000007a8e00000,0x00000007a8e00000,0x00000007a9d00000)
 ParOldGen       total 178176K, used 19265K [0x0000000760000000, 0x000000076ae00000, 0x00000007a0000000)
  object space 178176K, 10% used [0x0000000760000000,0x00000007612d05d8,0x000000076ae00000)
 Metaspace       used 42675K, capacity 43566K, committed 43864K, reserved 1087488K
  class space    used 5907K, capacity 6172K, committed 6272K, reserved 1048576K
}
Event: 7.079 GC heap before
{Heap before GC invocations=9 (full 2):
 PSYoungGen      total 159232K, used 159227K [0x00000007a0000000, 0x00000007ad000000, 0x00000007c0000000)
  eden space 145408K, 100% used [0x00000007a0000000,0x00000007a8e00000,0x00000007a8e00000)
  from space 13824K, 99% used [0x00000007a9d00000,0x00000007aaa7ef10,0x00000007aaa80000)
  to   space 15360K, 0% used [0x00000007a8e00000,0x00000007a8e00000,0x00000007a9d00000)
 ParOldGen       total 178176K, used 19265K [0x0000000760000000, 0x000000076ae00000, 0x00000007a0000000)
  object space 178176K, 10% used [0x0000000760000000,0x00000007612d05d8,0x000000076ae00000)
 Metaspace       used 52655K, capacity 54148K, committed 54232K, reserved 1095680K
  class space    used 7222K, capacity 7603K, committed 7680K, reserved 1048576K
Event: 7.099 GC heap after
Heap after GC invocations=9 (full 2):
 PSYoungGen      total 160768K, used 15358K [0x00000007a0000000, 0x00000007af100000, 0x00000007c0000000)
  eden space 145408K, 0% used [0x00000007a0000000,0x00000007a0000000,0x00000007a8e00000)
  from space 15360K, 99% used [0x00000007a8e00000,0x00000007a9cffbd8,0x00000007a9d00000)
  to   space 20480K, 0% used [0x00000007add00000,0x00000007add00000,0x00000007af100000)
 ParOldGen       total 178176K, used 25646K [0x0000000760000000, 0x000000076ae00000, 0x00000007a0000000)
  object space 178176K, 14% used [0x0000000760000000,0x000000076190b890,0x000000076ae00000)
 Metaspace       used 52655K, capacity 54148K, committed 54232K, reserved 1095680K
  class space    used 7222K, capacity 7603K, committed 7680K, reserved 1048576K
}
Event: 7.944 GC heap before
{Heap before GC invocations=10 (full 2):
 PSYoungGen      total 160768K, used 103032K [0x00000007a0000000, 0x00000007af100000, 0x00000007c0000000)
  eden space 145408K, 60% used [0x00000007a0000000,0x00000007a559e560,0x00000007a8e00000)
  from space 15360K, 99% used [0x00000007a8e00000,0x00000007a9cffbd8,0x00000007a9d00000)
  to   space 20480K, 0% used [0x00000007add00000,0x00000007add00000,0x00000007af100000)
 ParOldGen       total 178176K, used 25646K [0x0000000760000000, 0x000000076ae00000, 0x00000007a0000000)
  object space 178176K, 14% used [0x0000000760000000,0x000000076190b890,0x000000076ae00000)
 Metaspace       used 57057K, capacity 58904K, committed 58968K, reserved 1099776K
  class space    used 7829K, capacity 8277K, committed 8320K, reserved 1048576K
Event: 7.974 GC heap after
Heap after GC invocations=10 (full 2):
 PSYoungGen      total 215552K, used 20461K [0x00000007a0000000, 0x00000007b1180000, 0x00000007c0000000)
  eden space 195072K, 0% used [0x00000007a0000000,0x00000007a0000000,0x00000007abe80000)
  from space 20480K, 99% used [0x00000007add00000,0x00000007af0fb468,0x00000007af100000)
  to   space 31232K, 0% used [0x00000007abe80000,0x00000007abe80000,0x00000007add00000)
 ParOldGen       total 178176K, used 43421K [0x0000000760000000, 0x000000076ae00000, 0x00000007a0000000)
  object space 178176K, 24% used [0x0000000760000000,0x0000000762a67540,0x000000076ae00000)
 Metaspace       used 57057K, capacity 58904K, committed 58968K, reserved 1099776K
  class space    used 7829K, capacity 8277K, committed 8320K, reserved 1048576K
}
Event: 7.974 GC heap before
{Heap before GC invocations=11 (full 3):
 PSYoungGen      total 215552K, used 20461K [0x00000007a0000000, 0x00000007b1180000, 0x00000007c0000000)
  eden space 195072K, 0% used [0x00000007a0000000,0x00000007a0000000,0x00000007abe80000)
  from space 20480K, 99% used [0x00000007add00000,0x00000007af0fb468,0x00000007af100000)
  to   space 31232K, 0% used [0x00000007abe80000,0x00000007abe80000,0x00000007add00000)
 ParOldGen       total 178176K, used 43421K [0x0000000760000000, 0x000000076ae00000, 0x00000007a0000000)
  object space 178176K, 24% used [0x0000000760000000,0x0000000762a67540,0x000000076ae00000)
 Metaspace       used 57057K, capacity 58904K, committed 58968K, reserved 1099776K
  class space    used 7829K, capacity 8277K, committed 8320K, reserved 1048576K
Event: 8.163 GC heap after
Heap after GC invocations=11 (full 3):
 PSYoungGen      total 215552K, used 0K [0x00000007a0000000, 0x00000007b1180000, 0x00000007c0000000)
  eden space 195072K, 0% used [0x00000007a0000000,0x00000007a0000000,0x00000007abe80000)
  from space 20480K, 0% used [0x00000007add00000,0x00000007add00000,0x00000007af100000)
  to   space 31232K, 0% used [0x00000007abe80000,0x00000007abe80000,0x00000007add00000)
 ParOldGen       total 278016K, used 51958K [0x0000000760000000, 0x0000000770f80000, 0x00000007a0000000)
  object space 278016K, 18% used [0x0000000760000000,0x00000007632bd950,0x0000000770f80000)
 Metaspace       used 57025K, capacity 58804K, committed 58968K, reserved 1099776K
  class space    used 7818K, capacity 8257K, committed 8320K, reserved 1048576K
}

