# JRE version: OpenJDK Runtime Environment (8.0_152-b01) (build 1.8.0_152-release-1024-b01)
# Java VM: OpenJDK 64-Bit Server VM (25.152-b01 mixed mode bsd-amd64 compressed oops)
Heap:
 PSYoungGen      total 169984K, used 37212K [0x00000007a0000000, 0x00000007ade80000, 0x00000007c0000000)
  eden space 150528K, 11% used [0x00000007a0000000,0x00000007a117e258,0x00000007a9300000)
  from space 19456K, 99% used [0x00000007acb80000,0x00000007ade73e28,0x00000007ade80000)
  to   space 28160K, 0% used [0x00000007aa780000,0x00000007aa780000,0x00000007ac300000)
 ParOldGen       total 282624K, used 43981K [0x0000000760000000, 0x0000000771400000, 0x00000007a0000000)
  object space 282624K, 15% used [0x0000000760000000,0x0000000762af37f0,0x0000000771400000)
 Metaspace       used 77398K, capacity 82722K, committed 82904K, reserved 1120256K
  class space    used 10303K, capacity 11262K, committed 11264K, reserved 1048576K
GC Heap History (10 events):
Event: 359.523 GC heap before
{Heap before GC invocations=13 (full 3):
 PSYoungGen      total 188928K, used 169331K [0x00000007a0000000, 0x00000007aef00000, 0x00000007c0000000)
  eden space 161792K, 100% used [0x00000007a0000000,0x00000007a9e00000,0x00000007a9e00000)
  from space 27136K, 27% used [0x00000007a9e00000,0x00000007aa55cdd0,0x00000007ab880000)
  to   space 27136K, 0% used [0x00000007ad480000,0x00000007ad480000,0x00000007aef00000)
 ParOldGen       total 282624K, used 43941K [0x0000000760000000, 0x0000000771400000, 0x00000007a0000000)
  object space 282624K, 15% used [0x0000000760000000,0x0000000762ae97f0,0x0000000771400000)
 Metaspace       used 61779K, capacity 63732K, committed 63832K, reserved 1103872K
  class space    used 8087K, capacity 8545K, committed 8576K, reserved 1048576K
Event: 359.530 GC heap after
Heap after GC invocations=13 (full 3):
 PSYoungGen      total 164352K, used 5171K [0x00000007a0000000, 0x00000007ada00000, 0x00000007c0000000)
  eden space 158720K, 0% used [0x00000007a0000000,0x00000007a0000000,0x00000007a9b00000)
  from space 5632K, 91% used [0x00000007ad480000,0x00000007ad98cd40,0x00000007ada00000)
  to   space 27136K, 0% used [0x00000007aa500000,0x00000007aa500000,0x00000007abf80000)
 ParOldGen       total 282624K, used 43949K [0x0000000760000000, 0x0000000771400000, 0x00000007a0000000)
  object space 282624K, 15% used [0x0000000760000000,0x0000000762aeb7f0,0x0000000771400000)
 Metaspace       used 61779K, capacity 63732K, committed 63832K, reserved 1103872K
  class space    used 8087K, capacity 8545K, committed 8576K, reserved 1048576K
}
Event: 362.235 GC heap before
{Heap before GC invocations=14 (full 3):
 PSYoungGen      total 164352K, used 163891K [0x00000007a0000000, 0x00000007ada00000, 0x00000007c0000000)
  eden space 158720K, 100% used [0x00000007a0000000,0x00000007a9b00000,0x00000007a9b00000)
  from space 5632K, 91% used [0x00000007ad480000,0x00000007ad98cd40,0x00000007ada00000)
  to   space 27136K, 0% used [0x00000007aa500000,0x00000007aa500000,0x00000007abf80000)
 ParOldGen       total 282624K, used 43949K [0x0000000760000000, 0x0000000771400000, 0x00000007a0000000)
  object space 282624K, 15% used [0x0000000760000000,0x0000000762aeb7f0,0x0000000771400000)
 Metaspace       used 69073K, capacity 71806K, committed 72024K, reserved 1112064K
  class space    used 9011K, capacity 9560K, committed 9600K, reserved 1048576K
Event: 362.249 GC heap after
Heap after GC invocations=14 (full 3):
 PSYoungGen      total 173056K, used 17066K [0x00000007a0000000, 0x00000007ad500000, 0x00000007c0000000)
  eden space 155648K, 0% used [0x00000007a0000000,0x00000007a0000000,0x00000007a9800000)
  from space 17408K, 98% used [0x00000007aa500000,0x00000007ab5aa9b8,0x00000007ab600000)
  to   space 27136K, 0% used [0x00000007aba80000,0x00000007aba80000,0x00000007ad500000)
 ParOldGen       total 282624K, used 43957K [0x0000000760000000, 0x0000000771400000, 0x00000007a0000000)
  object space 282624K, 15% used [0x0000000760000000,0x0000000762aed7f0,0x0000000771400000)
 Metaspace       used 69073K, capacity 71806K, committed 72024K, reserved 1112064K
  class space    used 9011K, capacity 9560K, committed 9600K, reserved 1048576K
}
Event: 363.671 GC heap before
{Heap before GC invocations=15 (full 3):
 PSYoungGen      total 173056K, used 172714K [0x00000007a0000000, 0x00000007ad500000, 0x00000007c0000000)
  eden space 155648K, 100% used [0x00000007a0000000,0x00000007a9800000,0x00000007a9800000)
  from space 17408K, 98% used [0x00000007aa500000,0x00000007ab5aa9b8,0x00000007ab600000)
  to   space 27136K, 0% used [0x00000007aba80000,0x00000007aba80000,0x00000007ad500000)
 ParOldGen       total 282624K, used 43957K [0x0000000760000000, 0x0000000771400000, 0x00000007a0000000)
  object space 282624K, 15% used [0x0000000760000000,0x0000000762aed7f0,0x0000000771400000)
 Metaspace       used 74551K, capacity 79418K, committed 79704K, reserved 1118208K
  class space    used 9911K, capacity 10782K, committed 10880K, reserved 1048576K
Event: 363.683 GC heap after
Heap after GC invocations=15 (full 3):
 PSYoungGen      total 166912K, used 14057K [0x00000007a0000000, 0x00000007ac880000, 0x00000007c0000000)
  eden space 152576K, 0% used [0x00000007a0000000,0x00000007a0000000,0x00000007a9500000)
  from space 14336K, 98% used [0x00000007aba80000,0x00000007ac83a438,0x00000007ac880000)
  to   space 26112K, 0% used [0x00000007a9580000,0x00000007a9580000,0x00000007aaf00000)
 ParOldGen       total 282624K, used 43965K [0x0000000760000000, 0x0000000771400000, 0x00000007a0000000)
  object space 282624K, 15% used [0x0000000760000000,0x0000000762aef7f0,0x0000000771400000)
 Metaspace       used 74551K, capacity 79418K, committed 79704K, reserved 1118208K
  class space    used 9911K, capacity 10782K, committed 10880K, reserved 1048576K
}
Event: 364.193 GC heap before
{Heap before GC invocations=16 (full 3):
 PSYoungGen      total 166912K, used 165630K [0x00000007a0000000, 0x00000007ac880000, 0x00000007c0000000)
  eden space 152576K, 99% used [0x00000007a0000000,0x00000007a9405490,0x00000007a9500000)
  from space 14336K, 98% used [0x00000007aba80000,0x00000007ac83a438,0x00000007ac880000)
  to   space 26112K, 0% used [0x00000007a9580000,0x00000007a9580000,0x00000007aaf00000)
 ParOldGen       total 282624K, used 43965K [0x0000000760000000, 0x0000000771400000, 0x00000007a0000000)
  object space 282624K, 15% used [0x0000000760000000,0x0000000762aef7f0,0x0000000771400000)
 Metaspace       used 75834K, capacity 80798K, committed 80856K, reserved 1120256K
  class space    used 10072K, capacity 10966K, committed 11008K, reserved 1048576K
Event: 364.202 GC heap after
Heap after GC invocations=16 (full 3):
 PSYoungGen      total 179200K, used 19007K [0x00000007a0000000, 0x00000007ae600000, 0x00000007c0000000)
  eden space 153088K, 0% used [0x00000007a0000000,0x00000007a0000000,0x00000007a9580000)
  from space 26112K, 72% used [0x00000007a9580000,0x00000007aa80ff38,0x00000007aaf00000)
  to   space 27136K, 0% used [0x00000007acb80000,0x00000007acb80000,0x00000007ae600000)
 ParOldGen       total 282624K, used 43973K [0x0000000760000000, 0x0000000771400000, 0x00000007a0000000)
  object space 282624K, 15% used [0x0000000760000000,0x0000000762af17f0,0x0000000771400000)
 Metaspace       used 75834K, capacity 80798K, committed 80856K, reserved 1120256K
  class space    used 10072K, capacity 10966K, committed 11008K, reserved 1048576K
}
Event: 587.110 GC heap before
{Heap before GC invocations=17 (full 3):
 PSYoungGen      total 179200K, used 172095K [0x00000007a0000000, 0x00000007ae600000, 0x00000007c0000000)
  eden space 153088K, 100% used [0x00000007a0000000,0x00000007a9580000,0x00000007a9580000)
  from space 26112K, 72% used [0x00000007a9580000,0x00000007aa80ff38,0x00000007aaf00000)
  to   space 27136K, 0% used [0x00000007acb80000,0x00000007acb80000,0x00000007ae600000)
 ParOldGen       total 282624K, used 43973K [0x0000000760000000, 0x0000000771400000, 0x00000007a0000000)
  object space 282624K, 15% used [0x0000000760000000,0x0000000762af17f0,0x0000000771400000)
 Metaspace       used 77361K, capacity 82718K, committed 82904K, reserved 1120256K
  class space    used 10303K, capacity 11262K, committed 11264K, reserved 1048576K
Event: 587.134 GC heap after
Heap after GC invocations=17 (full 3):
 PSYoungGen      total 169984K, used 19407K [0x00000007a0000000, 0x00000007ade80000, 0x00000007c0000000)
  eden space 150528K, 0% used [0x00000007a0000000,0x00000007a0000000,0x00000007a9300000)
  from space 19456K, 99% used [0x00000007acb80000,0x00000007ade73e28,0x00000007ade80000)
  to   space 28160K, 0% used [0x00000007aa780000,0x00000007aa780000,0x00000007ac300000)
 ParOldGen       total 282624K, used 43981K [0x0000000760000000, 0x0000000771400000, 0x00000007a0000000)
  object space 282624K, 15% used [0x0000000760000000,0x0000000762af37f0,0x0000000771400000)
 Metaspace       used 77361K, capacity 82718K, committed 82904K, reserved 1120256K
  class space    used 10303K, capacity 11262K, committed 11264K, reserved 1048576K
}

